<?xml version="1.0" encoding="UTF-8"?>
<!-- Generated by org.testng.reporters.JUnitXMLReporter -->
<testsuite ignored="0" hostname="Godsways-MacBook-Pro.local" failures="1" tests="2" name="Test2" time="22.56" errors="0" timestamp="2023-09-07T13:46:24 GMT">
  <testcase classname="tests.BaseClass" name="login" time="6.288">
    <failure type="org.openqa.selenium.NoSuchElementException" message="An element could not be located on the page using the given search parameters.
For documentation on this error, please visit: https://www.seleniumhq.org/exceptions/no_such_element.html
Build info: version: &amp;apos;3.141.59&amp;apos;, revision: &amp;apos;e82be7d358&amp;apos;, time: &amp;apos;2018-11-14T08:17:03&amp;apos;
System info: host: &amp;apos;Godsways-MacBook-Pro.local&amp;apos;, ip: &amp;apos;fe80:0:0:0:57:f895:bef0:3146%en0&amp;apos;, os.name: &amp;apos;Mac OS X&amp;apos;, os.arch: &amp;apos;x86_64&amp;apos;, os.version: &amp;apos;13.4.1&amp;apos;, java.version: &amp;apos;17.0.7&amp;apos;
Driver info: io.appium.java_client.AppiumDriver
Capabilities {appActivity: com.experitest.ExperiBank.L..., appPackage: com.experitest.ExperiBank, databaseEnabled: false, desired: {appActivity: com.experitest.ExperiBank.L..., appPackage: com.experitest.ExperiBank, deviceName: Galaxy S21 FE 5G, newCommandTimeout: 60, platformName: android, platformVersion: 13, udid: R5CRC2405JM}, deviceApiLevel: 33, deviceManufacturer: samsung, deviceModel: SM-G990E, deviceName: R5CRC2405JM, deviceScreenDensity: 480, deviceScreenSize: 1080x2340, deviceUDID: R5CRC2405JM, javascriptEnabled: true, locationContextEnabled: false, networkConnectionEnabled: true, newCommandTimeout: 60, pixelRatio: 3, platform: LINUX, platformName: Android, platformVersion: 13, statBarHeight: 97, takesScreenshot: true, udid: R5CRC2405JM, viewportRect: {height: 2099, left: 0, top: 97, width: 1080}, warnings: {}, webStorageEnabled: false}
Session ID: 09b05e29-a4c3-4e23-a46f-1f79b696ebd6
*** Element info: {Using=id, value=android:id/autofill_save_no}">
      <![CDATA[org.openqa.selenium.NoSuchElementException: An element could not be located on the page using the given search parameters.
For documentation on this error, please visit: https://www.seleniumhq.org/exceptions/no_such_element.html
Build info: version: '3.141.59', revision: 'e82be7d358', time: '2018-11-14T08:17:03'
System info: host: 'Godsways-MacBook-Pro.local', ip: 'fe80:0:0:0:57:f895:bef0:3146%en0', os.name: 'Mac OS X', os.arch: 'x86_64', os.version: '13.4.1', java.version: '17.0.7'
Driver info: io.appium.java_client.AppiumDriver
Capabilities {appActivity: com.experitest.ExperiBank.L..., appPackage: com.experitest.ExperiBank, databaseEnabled: false, desired: {appActivity: com.experitest.ExperiBank.L..., appPackage: com.experitest.ExperiBank, deviceName: Galaxy S21 FE 5G, newCommandTimeout: 60, platformName: android, platformVersion: 13, udid: R5CRC2405JM}, deviceApiLevel: 33, deviceManufacturer: samsung, deviceModel: SM-G990E, deviceName: R5CRC2405JM, deviceScreenDensity: 480, deviceScreenSize: 1080x2340, deviceUDID: R5CRC2405JM, javascriptEnabled: true, locationContextEnabled: false, networkConnectionEnabled: true, newCommandTimeout: 60, pixelRatio: 3, platform: LINUX, platformName: Android, platformVersion: 13, statBarHeight: 97, takesScreenshot: true, udid: R5CRC2405JM, viewportRect: {height: 2099, left: 0, top: 97, width: 1080}, warnings: {}, webStorageEnabled: false}
Session ID: 09b05e29-a4c3-4e23-a46f-1f79b696ebd6
*** Element info: {Using=id, value=android:id/autofill_save_no}
at org.openqa.selenium.remote.http.W3CHttpResponseCodec.createException(W3CHttpResponseCodec.java:187)
at org.openqa.selenium.remote.http.W3CHttpResponseCodec.decode(W3CHttpResponseCodec.java:122)
at org.openqa.selenium.remote.http.W3CHttpResponseCodec.decode(W3CHttpResponseCodec.java:49)
at org.openqa.selenium.remote.HttpCommandExecutor.execute(HttpCommandExecutor.java:158)
at io.appium.java_client.remote.AppiumCommandExecutor.execute(AppiumCommandExecutor.java:239)
at org.openqa.selenium.remote.RemoteWebDriver.execute(RemoteWebDriver.java:552)
at io.appium.java_client.DefaultGenericMobileDriver.execute(DefaultGenericMobileDriver.java:41)
at io.appium.java_client.AppiumDriver.execute(AppiumDriver.java:1)
at org.openqa.selenium.remote.RemoteWebDriver.findElement(RemoteWebDriver.java:323)
at io.appium.java_client.DefaultGenericMobileDriver.findElement(DefaultGenericMobileDriver.java:61)
at io.appium.java_client.AppiumDriver.findElement(AppiumDriver.java:1)
at org.openqa.selenium.remote.RemoteWebDriver.findElementById(RemoteWebDriver.java:372)
at io.appium.java_client.DefaultGenericMobileDriver.findElementById(DefaultGenericMobileDriver.java:69)
at io.appium.java_client.AppiumDriver.findElementById(AppiumDriver.java:1)
at org.openqa.selenium.By$ById.findElement(By.java:188)
at org.openqa.selenium.remote.RemoteWebDriver.findElement(RemoteWebDriver.java:315)
at io.appium.java_client.DefaultGenericMobileDriver.findElement(DefaultGenericMobileDriver.java:57)
at io.appium.java_client.AppiumDriver.findElement(AppiumDriver.java:1)
at tests.BaseClass.login(BaseClass.java:58)
at java.base/java.util.ArrayList.forEach(ArrayList.java:1511)
... Removed 32 stack frames]]>
    </failure>
  </testcase> <!-- login -->
  <testcase classname="tests.MakePayment" name="payment" time="9.277"/>
</testsuite> <!-- Test2 -->
